TN:
SF:C:\sources\uwinbike\vandevelde\lib\index.js
DA:1,1
DA:2,1
DA:3,1
DA:4,1
DA:5,1
DA:6,1
DA:7,1
DA:8,1
DA:9,1
DA:10,1
DA:11,1
DA:12,1
DA:13,1
DA:14,1
DA:15,1
DA:16,1
DA:17,1
DA:18,1
DA:19,1
DA:20,1
DA:21,1
DA:22,1
DA:23,1
DA:24,0
DA:25,7
DA:26,1
DA:27,1
DA:28,1
DA:29,0
DA:30,1
DA:31,0
DA:32,1
DA:33,1
DA:34,0
DA:35,0
DA:36,1
DA:37,1
DA:38,1
DA:39,1
DA:40,0
DA:41,1
DA:42,1
DA:43,6
DA:44,6
DA:45,1
DA:46,1
DA:47,5
DA:48,5
DA:49,1
DA:50,1
DA:51,0
DA:52,1
DA:53,1
DA:54,1
DA:55,1
DA:56,0
DA:57,6
DA:58,1
DA:59,1
DA:60,1
DA:61,0
DA:62,1
DA:63,1
DA:64,1
DA:65,1
DA:66,1
DA:67,1
DA:68,1
LF:49
LH:40
end_of_record
